[debug] [2021-10-11T04:43:57.868Z] ----------------------------------------------------------------------
[debug] [2021-10-11T04:43:57.870Z] Command:       C:\Program Files\nodejs\node.exe C:\Users\spark\AppData\Roaming\npm\node_modules\firebase-tools\lib\bin\firebase.js init
[debug] [2021-10-11T04:43:57.871Z] CLI Version:   9.19.0
[debug] [2021-10-11T04:43:57.871Z] Platform:      win32
[debug] [2021-10-11T04:43:57.871Z] Node Version:  v14.15.4
[debug] [2021-10-11T04:43:57.873Z] Time:          Mon Oct 11 2021 15:43:57 GMT+1100 (Australian Eastern Daylight Time)
[debug] [2021-10-11T04:43:57.873Z] ----------------------------------------------------------------------
[debug] 
[debug] [2021-10-11T04:43:57.876Z] >>> [apiv2][query] GET https://firebase-public.firebaseio.com/cli.json [none]
[debug] [2021-10-11T04:43:57.901Z] > command requires scopes: ["email","openid","https://www.googleapis.com/auth/cloudplatformprojects.readonly","https://www.googleapis.com/auth/firebase","https://www.googleapis.com/auth/cloud-platform"]
[debug] [2021-10-11T04:43:57.901Z] > authorizing via signed-in user (sungung.park@gmail.com)
[info] 
     ######## #### ########  ######## ########     ###     ######  ########
     ##        ##  ##     ## ##       ##     ##  ##   ##  ##       ##
     ######    ##  ########  ######   ########  #########  ######  ######
     ##        ##  ##    ##  ##       ##     ## ##     ##       ## ##
     ##       #### ##     ## ######## ########  ##     ##  ######  ########

You're about to initialize a Firebase project in this directory:

  C:\dev\sources\truckies

Before we get started, keep in mind:

  * You are currently outside your home directory

[debug] [2021-10-11T04:43:58.536Z] <<< [apiv2][status] GET https://firebase-public.firebaseio.com/cli.json 200
[debug] [2021-10-11T04:43:58.537Z] <<< [apiv2][body] GET https://firebase-public.firebaseio.com/cli.json {"cloudBuildErrorAfter":1594252800000,"cloudBuildWarnAfter":1590019200000,"defaultNode10After":1594252800000,"minVersion":"3.0.5","node8DeploysDisabledAfter":1613390400000,"node8RuntimeDisabledAfter":1615809600000,"node8WarnAfter":1600128000000}
